mode: set
github.com/koss-null/lambda/internal/algo/batch/batch.go:5.24,6.11 1 1
github.com/koss-null/lambda/internal/algo/batch/batch.go:6.11,8.3 1 1
github.com/koss-null/lambda/internal/algo/batch/batch.go:9.2,9.10 1 1
github.com/koss-null/lambda/internal/algo/batch/batch.go:12.44,16.41 4 1
github.com/koss-null/lambda/internal/algo/batch/batch.go:16.41,19.3 2 1
github.com/koss-null/lambda/internal/algo/batch/batch.go:20.2,20.12 1 1
github.com/koss-null/lambda/internal/algo/parallel/mergesort/mergesort.go:19.67,20.42 1 1
github.com/koss-null/lambda/internal/algo/parallel/mergesort/mergesort.go:20.42,21.40 1 0
github.com/koss-null/lambda/internal/algo/parallel/mergesort/mergesort.go:21.40,23.4 1 0
github.com/koss-null/lambda/internal/algo/parallel/mergesort/mergesort.go:24.3,24.14 1 0
github.com/koss-null/lambda/internal/algo/parallel/mergesort/mergesort.go:27.2,31.21 5 1
github.com/koss-null/lambda/internal/algo/parallel/mergesort/mergesort.go:31.21,33.23 2 1
github.com/koss-null/lambda/internal/algo/parallel/mergesort/mergesort.go:33.23,35.31 2 1
github.com/koss-null/lambda/internal/algo/parallel/mergesort/mergesort.go:35.31,37.5 1 1
github.com/koss-null/lambda/internal/algo/parallel/mergesort/mergesort.go:38.4,39.13 2 1
github.com/koss-null/lambda/internal/algo/parallel/mergesort/mergesort.go:41.3,44.31 3 1
github.com/koss-null/lambda/internal/algo/parallel/mergesort/mergesort.go:46.2,49.13 3 1
github.com/koss-null/lambda/internal/algo/parallel/mergesort/mergesort.go:58.3,60.31 2 1
github.com/koss-null/lambda/internal/algo/parallel/mergesort/mergesort.go:60.31,62.3 1 1
github.com/koss-null/lambda/internal/algo/parallel/mergesort/mergesort.go:64.2,68.38 3 1
github.com/koss-null/lambda/internal/algo/parallel/mergesort/mergesort.go:68.38,70.25 1 1
github.com/koss-null/lambda/internal/algo/parallel/mergesort/mergesort.go:70.25,72.9 2 1
github.com/koss-null/lambda/internal/algo/parallel/mergesort/mergesort.go:76.3,78.18 3 1
github.com/koss-null/lambda/internal/algo/parallel/mergesort/mergesort.go:78.18,87.4 3 1
github.com/koss-null/lambda/internal/algo/parallel/mergesort/mergesort.go:88.3,94.4 1 1
github.com/koss-null/lambda/internal/algo/parallel/mergesort/mergesort.go:96.2,98.25 2 1
github.com/koss-null/lambda/internal/algo/parallel/mergesort/mergesort.go:98.25,100.3 1 1
github.com/koss-null/lambda/internal/algo/parallel/mergesort/mergesort.go:101.2,101.45 1 1
github.com/koss-null/lambda/internal/algo/parallel/mergesort/mergesort.go:105.70,108.27 3 1
github.com/koss-null/lambda/internal/algo/parallel/mergesort/mergesort.go:108.27,109.26 1 1
github.com/koss-null/lambda/internal/algo/parallel/mergesort/mergesort.go:109.26,112.12 3 1
github.com/koss-null/lambda/internal/algo/parallel/mergesort/mergesort.go:114.3,115.8 2 1
github.com/koss-null/lambda/internal/algo/parallel/mergesort/mergesort.go:118.2,118.14 1 1
github.com/koss-null/lambda/internal/algo/parallel/mergesort/mergesort.go:118.14,121.3 2 1
github.com/koss-null/lambda/internal/algo/parallel/mergesort/mergesort.go:122.2,122.16 1 1
github.com/koss-null/lambda/internal/algo/parallel/mergesort/mergesort.go:122.16,125.3 2 1
github.com/koss-null/lambda/internal/algo/parallel/mergesort/mergesort.go:126.2,126.19 1 1
github.com/koss-null/lambda/internal/algo/parallel/mergesort/mergesort.go:129.43,130.11 1 1
github.com/koss-null/lambda/internal/algo/parallel/mergesort/mergesort.go:130.11,132.3 1 1
github.com/koss-null/lambda/internal/algo/parallel/mergesort/mergesort.go:133.2,133.10 1 1
github.com/koss-null/lambda/internal/algo/parallel/mergesort/mergesort.go:136.43,137.11 1 1
github.com/koss-null/lambda/internal/algo/parallel/mergesort/mergesort.go:137.11,139.3 1 0
github.com/koss-null/lambda/internal/algo/parallel/mergesort/mergesort.go:140.2,140.10 1 1
github.com/koss-null/lambda/internal/primitive/pointer/pointer.go:3.24,5.2 1 1
github.com/koss-null/lambda/internal/primitive/pointer/pointer.go:7.32,8.14 1 1
github.com/koss-null/lambda/internal/primitive/pointer/pointer.go:8.14,10.3 1 1
github.com/koss-null/lambda/internal/primitive/pointer/pointer.go:11.2,11.11 1 1
github.com/koss-null/lambda/pkg/pipies/accum.go:8.62,11.2 2 1
github.com/koss-null/lambda/pkg/pipies/comparator.go:8.48,10.2 1 1
github.com/koss-null/lambda/pkg/pipies/predicate.go:17.31,19.2 1 1
github.com/koss-null/lambda/pkg/pipies/predicate.go:22.30,24.2 1 1
github.com/koss-null/lambda/pkg/pipies/predicate.go:27.39,30.2 2 1
github.com/koss-null/lambda/pkg/pipies/predicate.go:35.46,36.25 1 1
github.com/koss-null/lambda/pkg/pipies/predicate.go:36.25,38.3 1 1
github.com/koss-null/lambda/pkg/pipies/predicate.go:42.49,43.25 1 1
github.com/koss-null/lambda/pkg/pipies/predicate.go:43.25,45.3 1 1
github.com/koss-null/lambda/pkg/pipies/predicate.go:49.61,50.25 1 1
github.com/koss-null/lambda/pkg/pipies/predicate.go:50.25,52.3 1 1
github.com/koss-null/lambda/internal/internalpipe/any.go:7.75,10.54 3 1
github.com/koss-null/lambda/internal/internalpipe/any.go:10.54,11.37 1 1
github.com/koss-null/lambda/internal/internalpipe/any.go:11.37,13.4 1 1
github.com/koss-null/lambda/internal/internalpipe/any.go:15.2,15.12 1 1
github.com/koss-null/lambda/internal/internalpipe/any.go:18.75,19.17 1 1
github.com/koss-null/lambda/internal/internalpipe/any.go:19.17,21.3 1 1
github.com/koss-null/lambda/internal/internalpipe/any.go:23.2,24.12 2 1
github.com/koss-null/lambda/internal/internalpipe/any.go:24.12,26.3 1 1
github.com/koss-null/lambda/internal/internalpipe/any.go:27.2,35.13 2 1
github.com/koss-null/lambda/internal/internalpipe/any.go:35.13,37.3 1 1
github.com/koss-null/lambda/internal/internalpipe/any.go:39.2,39.25 1 1
github.com/koss-null/lambda/internal/internalpipe/any.go:39.25,40.11 1 1
github.com/koss-null/lambda/internal/internalpipe/any.go:40.11,42.4 1 1
github.com/koss-null/lambda/internal/internalpipe/any.go:43.3,44.13 2 1
github.com/koss-null/lambda/internal/internalpipe/any.go:47.2,47.12 1 1
github.com/koss-null/lambda/internal/internalpipe/any.go:47.12,49.59 1 1
github.com/koss-null/lambda/internal/internalpipe/any.go:49.59,52.24 3 1
github.com/koss-null/lambda/internal/internalpipe/any.go:52.24,53.18 1 1
github.com/koss-null/lambda/internal/internalpipe/any.go:53.18,56.6 2 1
github.com/koss-null/lambda/internal/internalpipe/any.go:59.5,60.15 2 1
github.com/koss-null/lambda/internal/internalpipe/any.go:60.15,62.6 1 1
github.com/koss-null/lambda/internal/internalpipe/any.go:63.5,63.39 1 1
github.com/koss-null/lambda/internal/internalpipe/any.go:63.39,65.18 2 1
github.com/koss-null/lambda/internal/internalpipe/any.go:65.18,68.7 2 1
github.com/koss-null/lambda/internal/internalpipe/any.go:73.3,73.13 1 1
github.com/koss-null/lambda/internal/internalpipe/any.go:73.13,76.4 2 1
github.com/koss-null/lambda/internal/internalpipe/any.go:79.2,79.14 1 1
github.com/koss-null/lambda/internal/internalpipe/constructor.go:7.35,11.30 3 0
github.com/koss-null/lambda/internal/internalpipe/constructor.go:11.30,12.22 1 0
github.com/koss-null/lambda/internal/internalpipe/constructor.go:12.22,14.5 1 0
github.com/koss-null/lambda/internal/internalpipe/constructor.go:15.4,15.26 1 0
github.com/koss-null/lambda/internal/internalpipe/constructor.go:23.52,25.30 1 1
github.com/koss-null/lambda/internal/internalpipe/constructor.go:25.30,28.4 2 1
github.com/koss-null/lambda/internal/internalpipe/constructor.go:35.54,42.2 1 0
github.com/koss-null/lambda/internal/internalpipe/constructor.go:44.86,45.26 1 0
github.com/koss-null/lambda/internal/internalpipe/constructor.go:45.26,47.29 1 0
github.com/koss-null/lambda/internal/internalpipe/constructor.go:47.29,49.5 1 0
github.com/koss-null/lambda/internal/internalpipe/constructor.go:55.2,56.30 1 0
github.com/koss-null/lambda/internal/internalpipe/constructor.go:56.30,59.4 2 0
github.com/koss-null/lambda/internal/internalpipe/do.go:15.27,16.18 1 1
github.com/koss-null/lambda/internal/internalpipe/do.go:16.18,19.3 2 1
github.com/koss-null/lambda/internal/internalpipe/do.go:20.2,21.12 2 1
github.com/koss-null/lambda/internal/internalpipe/do.go:25.35,26.19 1 1
github.com/koss-null/lambda/internal/internalpipe/do.go:26.19,28.3 1 1
github.com/koss-null/lambda/internal/internalpipe/do.go:30.2,31.39 2 1
github.com/koss-null/lambda/internal/internalpipe/do.go:31.39,33.15 2 1
github.com/koss-null/lambda/internal/internalpipe/do.go:33.15,35.4 1 1
github.com/koss-null/lambda/internal/internalpipe/do.go:37.3,37.23 1 1
github.com/koss-null/lambda/internal/internalpipe/do.go:37.23,38.32 1 0
github.com/koss-null/lambda/internal/internalpipe/do.go:41.2,41.12 1 1
github.com/koss-null/lambda/internal/internalpipe/do.go:45.50,53.29 2 1
github.com/koss-null/lambda/internal/internalpipe/do.go:53.29,55.3 1 1
github.com/koss-null/lambda/internal/internalpipe/do.go:56.2,57.45 2 1
github.com/koss-null/lambda/internal/internalpipe/do.go:57.45,60.23 3 1
github.com/koss-null/lambda/internal/internalpipe/do.go:60.23,61.14 1 1
github.com/koss-null/lambda/internal/internalpipe/do.go:61.14,63.5 1 0
github.com/koss-null/lambda/internal/internalpipe/do.go:64.4,66.29 3 1
github.com/koss-null/lambda/internal/internalpipe/do.go:66.29,68.16 2 1
github.com/koss-null/lambda/internal/internalpipe/do.go:68.16,70.6 1 1
github.com/koss-null/lambda/internal/internalpipe/do.go:71.5,71.19 1 1
github.com/koss-null/lambda/internal/internalpipe/do.go:71.19,76.6 1 1
github.com/koss-null/lambda/internal/internalpipe/do.go:78.4,80.13 3 1
github.com/koss-null/lambda/internal/internalpipe/do.go:83.2,86.22 3 1
github.com/koss-null/lambda/internal/internalpipe/do.go:86.22,87.23 1 1
github.com/koss-null/lambda/internal/internalpipe/do.go:87.23,89.4 1 1
github.com/koss-null/lambda/internal/internalpipe/do.go:91.2,91.41 1 1
github.com/koss-null/lambda/internal/internalpipe/filter.go:4.51,6.30 1 1
github.com/koss-null/lambda/internal/internalpipe/filter.go:6.30,7.41 1 1
github.com/koss-null/lambda/internal/internalpipe/filter.go:7.41,8.17 1 1
github.com/koss-null/lambda/internal/internalpipe/filter.go:8.17,10.6 1 1
github.com/koss-null/lambda/internal/internalpipe/filter.go:11.5,11.22 1 1
github.com/koss-null/lambda/internal/internalpipe/filter.go:13.4,13.20 1 0
github.com/koss-null/lambda/internal/internalpipe/first.go:8.72,11.29 3 1
github.com/koss-null/lambda/internal/internalpipe/first.go:11.29,13.15 2 1
github.com/koss-null/lambda/internal/internalpipe/first.go:13.15,15.4 1 1
github.com/koss-null/lambda/internal/internalpipe/first.go:17.2,17.12 1 0
github.com/koss-null/lambda/internal/internalpipe/first.go:21.29,23.26 2 1
github.com/koss-null/lambda/internal/internalpipe/first.go:23.26,25.3 1 1
github.com/koss-null/lambda/internal/internalpipe/first.go:27.2,44.38 2 1
github.com/koss-null/lambda/internal/internalpipe/first.go:44.38,46.27 2 1
github.com/koss-null/lambda/internal/internalpipe/first.go:46.27,49.4 2 1
github.com/koss-null/lambda/internal/internalpipe/first.go:50.3,50.24 1 1
github.com/koss-null/lambda/internal/internalpipe/first.go:54.2,55.12 2 1
github.com/koss-null/lambda/internal/internalpipe/first.go:55.12,58.55 2 1
github.com/koss-null/lambda/internal/internalpipe/first.go:58.55,61.33 3 1
github.com/koss-null/lambda/internal/internalpipe/first.go:61.33,62.18 1 1
github.com/koss-null/lambda/internal/internalpipe/first.go:62.18,65.6 2 1
github.com/koss-null/lambda/internal/internalpipe/first.go:67.5,68.30 2 1
github.com/koss-null/lambda/internal/internalpipe/first.go:68.30,70.18 2 1
github.com/koss-null/lambda/internal/internalpipe/first.go:70.18,71.30 1 1
github.com/koss-null/lambda/internal/internalpipe/first.go:71.30,75.8 3 1
github.com/koss-null/lambda/internal/internalpipe/first.go:76.7,77.13 2 1
github.com/koss-null/lambda/internal/internalpipe/first.go:80.6,80.34 1 1
github.com/koss-null/lambda/internal/internalpipe/first.go:80.34,83.7 2 1
github.com/koss-null/lambda/internal/internalpipe/first.go:86.5,86.28 1 1
github.com/koss-null/lambda/internal/internalpipe/first.go:86.28,88.36 2 1
github.com/koss-null/lambda/internal/internalpipe/first.go:88.36,92.7 3 0
github.com/koss-null/lambda/internal/internalpipe/first.go:95.4,95.13 1 1
github.com/koss-null/lambda/internal/internalpipe/first.go:97.3,97.12 1 1
github.com/koss-null/lambda/internal/internalpipe/first.go:100.2,100.12 1 1
github.com/koss-null/lambda/internal/internalpipe/first.go:100.12,105.3 4 1
github.com/koss-null/lambda/internal/internalpipe/first.go:107.2,107.14 1 1
github.com/koss-null/lambda/internal/internalpipe/map.go:5.44,7.30 1 1
github.com/koss-null/lambda/internal/internalpipe/map.go:7.30,8.41 1 1
github.com/koss-null/lambda/internal/internalpipe/map.go:8.41,11.5 2 1
github.com/koss-null/lambda/internal/internalpipe/map.go:12.4,12.20 1 1
github.com/koss-null/lambda/internal/internalpipe/pipe.go:23.27,25.2 1 0
github.com/koss-null/lambda/internal/internalpipe/pipe.go:29.45,30.11 1 1
github.com/koss-null/lambda/internal/internalpipe/pipe.go:30.11,32.3 1 0
github.com/koss-null/lambda/internal/internalpipe/pipe.go:33.2,34.10 2 1
github.com/koss-null/lambda/internal/internalpipe/pipe.go:39.38,40.11 1 1
github.com/koss-null/lambda/internal/internalpipe/pipe.go:40.11,42.3 1 0
github.com/koss-null/lambda/internal/internalpipe/pipe.go:43.2,44.10 2 1
github.com/koss-null/lambda/internal/internalpipe/pipe.go:49.37,50.11 1 1
github.com/koss-null/lambda/internal/internalpipe/pipe.go:50.11,52.3 1 0
github.com/koss-null/lambda/internal/internalpipe/pipe.go:53.2,54.10 2 1
github.com/koss-null/lambda/internal/internalpipe/pipe.go:58.30,59.18 1 0
github.com/koss-null/lambda/internal/internalpipe/pipe.go:59.18,61.3 1 0
github.com/koss-null/lambda/internal/internalpipe/pipe.go:62.2,63.12 2 0
github.com/koss-null/lambda/internal/internalpipe/pipe.go:67.31,68.9 1 1
github.com/koss-null/lambda/internal/internalpipe/pipe.go:69.18,70.15 1 1
github.com/koss-null/lambda/internal/internalpipe/pipe.go:71.20,72.18 1 1
github.com/koss-null/lambda/internal/internalpipe/pipe.go:73.10,74.25 1 1
github.com/koss-null/lambda/internal/internalpipe/pipe.go:78.33,80.2 1 1
github.com/koss-null/lambda/internal/internalpipe/pipe.go:82.35,84.2 1 1
github.com/koss-null/lambda/internal/internalpipe/pipe.go:86.43,87.11 1 1
github.com/koss-null/lambda/internal/internalpipe/pipe.go:87.11,89.3 1 1
github.com/koss-null/lambda/internal/internalpipe/pipe.go:90.2,90.10 1 1
github.com/koss-null/lambda/internal/internalpipe/pipe.go:93.43,94.11 1 1
github.com/koss-null/lambda/internal/internalpipe/pipe.go:94.11,96.3 1 1
github.com/koss-null/lambda/internal/internalpipe/pipe.go:97.2,97.10 1 1
github.com/koss-null/lambda/internal/internalpipe/pipe.go:100.26,102.2 1 1
github.com/koss-null/lambda/internal/internalpipe/pipe.go:104.38,107.25 3 1
github.com/koss-null/lambda/internal/internalpipe/pipe.go:107.25,109.3 1 1
github.com/koss-null/lambda/internal/internalpipe/pipe.go:110.2,110.16 1 1
github.com/koss-null/lambda/internal/internalpipe/reduce.go:6.43,8.19 2 1
github.com/koss-null/lambda/internal/internalpipe/reduce.go:9.9,10.13 1 1
github.com/koss-null/lambda/internal/internalpipe/reduce.go:11.9,12.18 1 1
github.com/koss-null/lambda/internal/internalpipe/reduce.go:13.10,15.32 2 1
github.com/koss-null/lambda/internal/internalpipe/reduce.go:15.32,17.4 1 1
github.com/koss-null/lambda/internal/internalpipe/reduce.go:18.3,18.14 1 1
github.com/koss-null/lambda/internal/internalpipe/sort.go:10.55,15.30 3 1
github.com/koss-null/lambda/internal/internalpipe/sort.go:15.30,16.21 1 1
github.com/koss-null/lambda/internal/internalpipe/sort.go:16.21,17.20 1 1
github.com/koss-null/lambda/internal/internalpipe/sort.go:17.20,19.24 2 1
github.com/koss-null/lambda/internal/internalpipe/sort.go:19.24,21.7 1 1
github.com/koss-null/lambda/internal/internalpipe/sort.go:22.6,22.54 1 1
github.com/koss-null/lambda/internal/internalpipe/sort.go:25.4,25.24 1 1
github.com/koss-null/lambda/internal/internalpipe/sort.go:25.24,27.5 1 1
github.com/koss-null/lambda/internal/internalpipe/sort.go:28.4,28.28 1 1
github.com/koss-null/lambda/internal/internalpipe/sum.go:5.79,10.24 5 1
github.com/koss-null/lambda/internal/internalpipe/sum.go:10.24,12.15 2 1
github.com/koss-null/lambda/internal/internalpipe/sum.go:12.15,15.9 3 1
github.com/koss-null/lambda/internal/internalpipe/sum.go:19.2,19.24 1 1
github.com/koss-null/lambda/internal/internalpipe/sum.go:19.24,21.15 2 1
github.com/koss-null/lambda/internal/internalpipe/sum.go:21.15,23.4 1 1
github.com/koss-null/lambda/internal/internalpipe/sum.go:25.2,25.12 1 1
github.com/koss-null/lambda/internal/internalpipe/sum.go:29.41,31.26 2 1
github.com/koss-null/lambda/internal/internalpipe/sum.go:31.26,33.3 1 1
github.com/koss-null/lambda/internal/internalpipe/sum.go:35.2,43.20 2 1
github.com/koss-null/lambda/internal/internalpipe/sum.go:43.20,47.3 3 1
github.com/koss-null/lambda/internal/internalpipe/sum.go:49.2,50.39 2 1
github.com/koss-null/lambda/internal/internalpipe/sum.go:50.39,53.23 3 1
github.com/koss-null/lambda/internal/internalpipe/sum.go:53.23,57.29 4 1
github.com/koss-null/lambda/internal/internalpipe/sum.go:57.29,58.41 1 1
github.com/koss-null/lambda/internal/internalpipe/sum.go:58.41,60.6 1 1
github.com/koss-null/lambda/internal/internalpipe/sum.go:62.4,64.25 3 1
github.com/koss-null/lambda/internal/internalpipe/sum.go:67.2,69.12 2 1
github.com/koss-null/lambda/internal/algo/parallel/qsort/qsort.go:12.69,13.19 1 1
github.com/koss-null/lambda/internal/algo/parallel/qsort/qsort.go:13.19,15.3 1 1
github.com/koss-null/lambda/internal/algo/parallel/qsort/qsort.go:16.2,16.17 1 1
github.com/koss-null/lambda/internal/algo/parallel/qsort/qsort.go:16.17,18.3 1 1
github.com/koss-null/lambda/internal/algo/parallel/qsort/qsort.go:19.2,19.18 1 1
github.com/koss-null/lambda/internal/algo/parallel/qsort/qsort.go:19.18,20.40 1 1
github.com/koss-null/lambda/internal/algo/parallel/qsort/qsort.go:20.40,22.4 1 1
github.com/koss-null/lambda/internal/algo/parallel/qsort/qsort.go:23.3,23.14 1 1
github.com/koss-null/lambda/internal/algo/parallel/qsort/qsort.go:26.2,30.13 5 1
github.com/koss-null/lambda/internal/algo/parallel/qsort/qsort.go:39.3,41.14 2 1
github.com/koss-null/lambda/internal/algo/parallel/qsort/qsort.go:41.14,43.3 1 1
github.com/koss-null/lambda/internal/algo/parallel/qsort/qsort.go:45.2,46.15 2 1
github.com/koss-null/lambda/internal/algo/parallel/qsort/qsort.go:46.15,46.40 1 1
github.com/koss-null/lambda/internal/algo/parallel/qsort/qsort.go:48.2,48.38 1 1
github.com/koss-null/lambda/internal/algo/parallel/qsort/qsort.go:48.38,49.49 1 1
github.com/koss-null/lambda/internal/algo/parallel/qsort/qsort.go:49.49,51.4 1 1
github.com/koss-null/lambda/internal/algo/parallel/qsort/qsort.go:53.3,53.9 1 1
github.com/koss-null/lambda/internal/algo/parallel/qsort/qsort.go:56.2,59.44 4 1
github.com/koss-null/lambda/internal/algo/parallel/qsort/qsort.go:62.73,66.16 3 1
github.com/koss-null/lambda/internal/algo/parallel/qsort/qsort.go:67.9,68.50 1 1
github.com/koss-null/lambda/internal/algo/parallel/qsort/qsort.go:69.9,70.50 1 1
github.com/koss-null/lambda/internal/algo/parallel/qsort/qsort.go:73.2,73.15 1 1
github.com/koss-null/lambda/internal/algo/parallel/qsort/qsort.go:73.15,74.28 1 1
github.com/koss-null/lambda/internal/algo/parallel/qsort/qsort.go:74.28,76.4 1 1
github.com/koss-null/lambda/internal/algo/parallel/qsort/qsort.go:77.3,77.28 1 1
github.com/koss-null/lambda/internal/algo/parallel/qsort/qsort.go:77.28,79.4 1 1
github.com/koss-null/lambda/internal/algo/parallel/qsort/qsort.go:80.3,80.15 1 1
github.com/koss-null/lambda/internal/algo/parallel/qsort/qsort.go:80.15,81.9 1 1
github.com/koss-null/lambda/internal/algo/parallel/qsort/qsort.go:83.3,85.7 3 1
github.com/koss-null/lambda/internal/algo/parallel/qsort/qsort.go:88.2,88.11 1 1
github.com/koss-null/lambda/internal/algo/parallel/qsort/qsort.go:92.68,93.62 1 1
github.com/koss-null/lambda/internal/algo/parallel/qsort/qsort.go:93.62,95.3 1 1
github.com/koss-null/lambda/internal/algo/parallel/qsort/qsort.go:96.2,96.62 1 1
github.com/koss-null/lambda/internal/algo/parallel/qsort/qsort.go:96.62,98.3 1 1
github.com/koss-null/lambda/internal/algo/parallel/qsort/qsort.go:100.2,100.62 1 1
github.com/koss-null/lambda/internal/algo/parallel/qsort/qsort.go:100.62,102.3 1 1
github.com/koss-null/lambda/internal/algo/parallel/qsort/qsort.go:103.2,103.62 1 1
github.com/koss-null/lambda/internal/algo/parallel/qsort/qsort.go:103.62,105.3 1 1
github.com/koss-null/lambda/internal/algo/parallel/qsort/qsort.go:107.2,107.62 1 1
github.com/koss-null/lambda/internal/algo/parallel/qsort/qsort.go:107.62,109.3 1 1
github.com/koss-null/lambda/internal/algo/parallel/qsort/qsort.go:110.2,110.62 1 1
github.com/koss-null/lambda/internal/algo/parallel/qsort/qsort.go:110.62,112.3 1 1
github.com/koss-null/lambda/internal/algo/parallel/qsort/qsort.go:115.2,115.64 1 0
github.com/koss-null/lambda/internal/algo/parallel/qsort/qsort.go:115.64,117.3 1 0
github.com/koss-null/lambda/internal/algo/parallel/qsort/qsort.go:118.2,118.64 1 0
github.com/koss-null/lambda/internal/algo/parallel/qsort/qsort.go:118.64,120.3 1 0
github.com/koss-null/lambda/internal/algo/parallel/qsort/qsort.go:121.2,121.21 1 0
github.com/koss-null/lambda/internal/algo/parallel/qsort/qsort.go:124.38,126.25 2 1
github.com/koss-null/lambda/internal/algo/parallel/qsort/qsort.go:126.25,128.3 1 1
github.com/koss-null/lambda/internal/algo/parallel/qsort/qsort.go:129.2,129.16 1 1
