mode: set
github.com/koss-null/lambda/internal/algo/batch/batch.go:5.24,6.11 1 1
github.com/koss-null/lambda/internal/algo/batch/batch.go:6.11,8.3 1 1
github.com/koss-null/lambda/internal/algo/batch/batch.go:9.2,9.10 1 1
github.com/koss-null/lambda/internal/algo/batch/batch.go:12.44,16.41 4 1
github.com/koss-null/lambda/internal/algo/batch/batch.go:16.41,19.3 2 1
github.com/koss-null/lambda/internal/algo/batch/batch.go:20.2,20.12 1 1
github.com/koss-null/lambda/internal/algo/parallel/mergesort/mergesort.go:19.67,20.42 1 1
github.com/koss-null/lambda/internal/algo/parallel/mergesort/mergesort.go:20.42,21.40 1 0
github.com/koss-null/lambda/internal/algo/parallel/mergesort/mergesort.go:21.40,23.4 1 0
github.com/koss-null/lambda/internal/algo/parallel/mergesort/mergesort.go:24.3,24.14 1 0
github.com/koss-null/lambda/internal/algo/parallel/mergesort/mergesort.go:27.2,31.21 5 1
github.com/koss-null/lambda/internal/algo/parallel/mergesort/mergesort.go:31.21,33.23 2 1
github.com/koss-null/lambda/internal/algo/parallel/mergesort/mergesort.go:33.23,35.31 2 1
github.com/koss-null/lambda/internal/algo/parallel/mergesort/mergesort.go:35.31,37.5 1 1
github.com/koss-null/lambda/internal/algo/parallel/mergesort/mergesort.go:38.4,39.13 2 1
github.com/koss-null/lambda/internal/algo/parallel/mergesort/mergesort.go:41.3,44.31 3 1
github.com/koss-null/lambda/internal/algo/parallel/mergesort/mergesort.go:46.2,49.13 3 1
github.com/koss-null/lambda/internal/algo/parallel/mergesort/mergesort.go:58.3,60.31 2 1
github.com/koss-null/lambda/internal/algo/parallel/mergesort/mergesort.go:60.31,62.3 1 1
github.com/koss-null/lambda/internal/algo/parallel/mergesort/mergesort.go:64.2,68.38 3 1
github.com/koss-null/lambda/internal/algo/parallel/mergesort/mergesort.go:68.38,70.25 1 1
github.com/koss-null/lambda/internal/algo/parallel/mergesort/mergesort.go:70.25,72.9 2 1
github.com/koss-null/lambda/internal/algo/parallel/mergesort/mergesort.go:76.3,78.18 3 1
github.com/koss-null/lambda/internal/algo/parallel/mergesort/mergesort.go:78.18,87.4 3 1
github.com/koss-null/lambda/internal/algo/parallel/mergesort/mergesort.go:88.3,94.4 1 1
github.com/koss-null/lambda/internal/algo/parallel/mergesort/mergesort.go:96.2,98.25 2 1
github.com/koss-null/lambda/internal/algo/parallel/mergesort/mergesort.go:98.25,100.3 1 1
github.com/koss-null/lambda/internal/algo/parallel/mergesort/mergesort.go:101.2,101.45 1 1
github.com/koss-null/lambda/internal/algo/parallel/mergesort/mergesort.go:105.70,108.27 3 1
github.com/koss-null/lambda/internal/algo/parallel/mergesort/mergesort.go:108.27,109.26 1 1
github.com/koss-null/lambda/internal/algo/parallel/mergesort/mergesort.go:109.26,112.12 3 1
github.com/koss-null/lambda/internal/algo/parallel/mergesort/mergesort.go:114.3,115.8 2 1
github.com/koss-null/lambda/internal/algo/parallel/mergesort/mergesort.go:118.2,118.14 1 1
github.com/koss-null/lambda/internal/algo/parallel/mergesort/mergesort.go:118.14,121.3 2 1
github.com/koss-null/lambda/internal/algo/parallel/mergesort/mergesort.go:122.2,122.16 1 1
github.com/koss-null/lambda/internal/algo/parallel/mergesort/mergesort.go:122.16,125.3 2 1
github.com/koss-null/lambda/internal/algo/parallel/mergesort/mergesort.go:126.2,126.19 1 1
github.com/koss-null/lambda/internal/algo/parallel/mergesort/mergesort.go:129.43,130.11 1 1
github.com/koss-null/lambda/internal/algo/parallel/mergesort/mergesort.go:130.11,132.3 1 1
github.com/koss-null/lambda/internal/algo/parallel/mergesort/mergesort.go:133.2,133.10 1 1
github.com/koss-null/lambda/internal/algo/parallel/mergesort/mergesort.go:136.43,137.11 1 1
github.com/koss-null/lambda/internal/algo/parallel/mergesort/mergesort.go:137.11,139.3 1 0
github.com/koss-null/lambda/internal/algo/parallel/mergesort/mergesort.go:140.2,140.10 1 1
github.com/koss-null/lambda/pkg/pipies/accum.go:8.62,11.2 2 0
github.com/koss-null/lambda/pkg/pipies/comparator.go:8.48,10.2 1 0
github.com/koss-null/lambda/pkg/pipies/predicate.go:17.32,19.2 1 1
github.com/koss-null/lambda/pkg/pipies/predicate.go:22.31,24.2 1 1
github.com/koss-null/lambda/pkg/pipies/predicate.go:27.39,30.2 2 1
github.com/koss-null/lambda/pkg/pipies/predicate.go:35.46,36.25 1 1
github.com/koss-null/lambda/pkg/pipies/predicate.go:36.25,38.3 1 1
github.com/koss-null/lambda/pkg/pipies/predicate.go:42.49,43.25 1 1
github.com/koss-null/lambda/pkg/pipies/predicate.go:43.25,45.3 1 1
github.com/koss-null/lambda/pkg/pipies/predicate.go:49.61,50.25 1 1
github.com/koss-null/lambda/pkg/pipies/predicate.go:50.25,52.3 1 1
github.com/koss-null/lambda/internal/algo/parallel/qsort/qsort.go:12.69,13.19 1 1
github.com/koss-null/lambda/internal/algo/parallel/qsort/qsort.go:13.19,15.3 1 1
github.com/koss-null/lambda/internal/algo/parallel/qsort/qsort.go:16.2,16.17 1 1
github.com/koss-null/lambda/internal/algo/parallel/qsort/qsort.go:16.17,18.3 1 1
github.com/koss-null/lambda/internal/algo/parallel/qsort/qsort.go:19.2,19.18 1 1
github.com/koss-null/lambda/internal/algo/parallel/qsort/qsort.go:19.18,20.40 1 1
github.com/koss-null/lambda/internal/algo/parallel/qsort/qsort.go:20.40,22.4 1 1
github.com/koss-null/lambda/internal/algo/parallel/qsort/qsort.go:23.3,23.14 1 1
github.com/koss-null/lambda/internal/algo/parallel/qsort/qsort.go:26.2,30.13 5 1
github.com/koss-null/lambda/internal/algo/parallel/qsort/qsort.go:39.3,41.14 2 1
github.com/koss-null/lambda/internal/algo/parallel/qsort/qsort.go:41.14,43.3 1 1
github.com/koss-null/lambda/internal/algo/parallel/qsort/qsort.go:45.2,46.15 2 1
github.com/koss-null/lambda/internal/algo/parallel/qsort/qsort.go:46.15,46.40 1 1
github.com/koss-null/lambda/internal/algo/parallel/qsort/qsort.go:48.2,48.38 1 1
github.com/koss-null/lambda/internal/algo/parallel/qsort/qsort.go:48.38,49.49 1 1
github.com/koss-null/lambda/internal/algo/parallel/qsort/qsort.go:49.49,51.4 1 1
github.com/koss-null/lambda/internal/algo/parallel/qsort/qsort.go:53.3,53.9 1 1
github.com/koss-null/lambda/internal/algo/parallel/qsort/qsort.go:56.2,59.44 4 1
github.com/koss-null/lambda/internal/algo/parallel/qsort/qsort.go:62.73,66.16 3 1
github.com/koss-null/lambda/internal/algo/parallel/qsort/qsort.go:67.9,68.50 1 1
github.com/koss-null/lambda/internal/algo/parallel/qsort/qsort.go:69.9,70.50 1 1
github.com/koss-null/lambda/internal/algo/parallel/qsort/qsort.go:73.2,73.15 1 1
github.com/koss-null/lambda/internal/algo/parallel/qsort/qsort.go:73.15,74.28 1 1
github.com/koss-null/lambda/internal/algo/parallel/qsort/qsort.go:74.28,76.4 1 1
github.com/koss-null/lambda/internal/algo/parallel/qsort/qsort.go:77.3,77.28 1 1
github.com/koss-null/lambda/internal/algo/parallel/qsort/qsort.go:77.28,79.4 1 1
github.com/koss-null/lambda/internal/algo/parallel/qsort/qsort.go:80.3,80.15 1 1
github.com/koss-null/lambda/internal/algo/parallel/qsort/qsort.go:80.15,81.9 1 1
github.com/koss-null/lambda/internal/algo/parallel/qsort/qsort.go:83.3,85.7 3 1
github.com/koss-null/lambda/internal/algo/parallel/qsort/qsort.go:88.2,88.11 1 1
github.com/koss-null/lambda/internal/algo/parallel/qsort/qsort.go:92.68,93.62 1 1
github.com/koss-null/lambda/internal/algo/parallel/qsort/qsort.go:93.62,95.3 1 1
github.com/koss-null/lambda/internal/algo/parallel/qsort/qsort.go:96.2,96.62 1 1
github.com/koss-null/lambda/internal/algo/parallel/qsort/qsort.go:96.62,98.3 1 1
github.com/koss-null/lambda/internal/algo/parallel/qsort/qsort.go:100.2,100.62 1 1
github.com/koss-null/lambda/internal/algo/parallel/qsort/qsort.go:100.62,102.3 1 1
github.com/koss-null/lambda/internal/algo/parallel/qsort/qsort.go:103.2,103.62 1 1
github.com/koss-null/lambda/internal/algo/parallel/qsort/qsort.go:103.62,105.3 1 1
github.com/koss-null/lambda/internal/algo/parallel/qsort/qsort.go:107.2,107.62 1 1
github.com/koss-null/lambda/internal/algo/parallel/qsort/qsort.go:107.62,109.3 1 1
github.com/koss-null/lambda/internal/algo/parallel/qsort/qsort.go:110.2,110.62 1 1
github.com/koss-null/lambda/internal/algo/parallel/qsort/qsort.go:110.62,112.3 1 1
github.com/koss-null/lambda/internal/algo/parallel/qsort/qsort.go:115.2,115.64 1 0
github.com/koss-null/lambda/internal/algo/parallel/qsort/qsort.go:115.64,117.3 1 0
github.com/koss-null/lambda/internal/algo/parallel/qsort/qsort.go:118.2,118.64 1 0
github.com/koss-null/lambda/internal/algo/parallel/qsort/qsort.go:118.64,120.3 1 0
github.com/koss-null/lambda/internal/algo/parallel/qsort/qsort.go:121.2,121.21 1 0
github.com/koss-null/lambda/internal/algo/parallel/qsort/qsort.go:124.38,126.25 2 1
github.com/koss-null/lambda/internal/algo/parallel/qsort/qsort.go:126.25,128.3 1 1
github.com/koss-null/lambda/internal/algo/parallel/qsort/qsort.go:129.2,129.16 1 1
